<?xml version="1.0" encoding="UTF-8"?>
<!-- Generated by org.testng.reporters.JUnitReportReporter -->
<testsuite hostname="amitkasode" failures="0" tests="1" name="onlineShopping.Flipkart" time="14.548" errors="0" timestamp="2023-08-07T20:23:45 IST" skipped="0">
  <testcase classname="onlineShopping.Flipkart" name="flipkart" time="14.548"/>
  <system-out>
    <![CDATA[Opening Filpkart]]>
  </system-out>
</testsuite> <!-- onlineShopping.Flipkart -->
