<?xml version="1.0" encoding="UTF-8"?>
<!-- Generated by org.testng.reporters.JUnitReportReporter -->
<testsuite hostname="amitkasode" failures="0" tests="1" name="onlineShopping.Amazon" time="14.034" errors="0" timestamp="2023-08-07T20:23:45 IST" skipped="0">
  <testcase classname="onlineShopping.Amazon" name="f" time="14.034"/>
  <system-out>
    <![CDATA[Opening Amazon]]>
  </system-out>
</testsuite> <!-- onlineShopping.Amazon -->
